<?xml version="1.0" encoding="UTF-8"?>
<!-- Generated by org.testng.reporters.JUnitReportReporter -->
<testsuite hostname="LAPTOP-J5E37TJF" failures="0" tests="4" name="test.LoginTest" time="1.903" errors="0" timestamp="2023-02-06T10:12:10 IST" skipped="0">
  <testcase classname="test.LoginTest" name="verifyBuildTitleName" time="0.013"/>
  <system-out/>
  <testcase classname="test.LoginTest" name="verifyTitleOfLoginPage" time="0.232"/>
  <system-out/>
  <testcase classname="test.LoginTest" name="verifyCurrentUrlOfPage" time="0.009"/>
  <system-out/>
  <testcase classname="test.LoginTest" name="verifyLoginWithCorrectCredentials" time="1.649"/>
  <system-out/>
</testsuite> <!-- test.LoginTest -->
